<?xml version="1.0" encoding="UTF-8"?>
<testng-results ignored="0" total="5" passed="5" failed="0" skipped="0">
  <reporter-output>
  </reporter-output>
  <suite started-at="2024-01-08T13:40:45 IST" name="Suite" finished-at="2024-01-08T13:41:17 IST" duration-ms="32131">
    <groups>
    </groups>
    <test started-at="2024-01-08T13:40:45 IST" name="Test" finished-at="2024-01-08T13:41:17 IST" duration-ms="32131">
      <class name="com.xyzbank.qa.testcases.TC001_HomepageTest">
        <test-method is-config="true" signature="setup()[pri:0, instance:com.xyzbank.qa.testcases.TC001_HomepageTest@42e99e4a]" started-at="2024-01-08T13:40:45 IST" name="setup" finished-at="2024-01-08T13:40:50 IST" duration-ms="5580" status="PASS">
          <reporter-output>
          </reporter-output>
        </test-method> <!-- setup -->
        <test-method signature="homePageTest()[pri:1, instance:com.xyzbank.qa.testcases.TC001_HomepageTest@42e99e4a]" started-at="2024-01-08T13:40:50 IST" name="homePageTest" finished-at="2024-01-08T13:40:51 IST" duration-ms="578" status="PASS">
          <reporter-output>
          </reporter-output>
        </test-method> <!-- homePageTest -->
        <test-method is-config="true" signature="teardownBrowser()[pri:0, instance:com.xyzbank.qa.testcases.TC001_HomepageTest@42e99e4a]" started-at="2024-01-08T13:40:51 IST" name="teardownBrowser" finished-at="2024-01-08T13:40:52 IST" duration-ms="933" status="PASS">
          <reporter-output>
          </reporter-output>
        </test-method> <!-- teardownBrowser -->
      </class> <!-- com.xyzbank.qa.testcases.TC001_HomepageTest -->
      <class name="com.xyzbank.qa.testcases.TC004_OpenNewAccountTest">
        <test-method is-config="true" signature="setup()[pri:0, instance:com.xyzbank.qa.testcases.TC004_OpenNewAccountTest@5158b42f]" started-at="2024-01-08T13:41:05 IST" name="setup" finished-at="2024-01-08T13:41:08 IST" duration-ms="3676" status="PASS">
          <reporter-output>
          </reporter-output>
        </test-method> <!-- setup -->
        <test-method signature="createAccount()[pri:3, instance:com.xyzbank.qa.testcases.TC004_OpenNewAccountTest@5158b42f]" started-at="2024-01-08T13:41:08 IST" name="createAccount" finished-at="2024-01-08T13:41:10 IST" duration-ms="1469" status="PASS">
          <reporter-output>
          </reporter-output>
        </test-method> <!-- createAccount -->
        <test-method is-config="true" signature="teardownBrowser()[pri:0, instance:com.xyzbank.qa.testcases.TC004_OpenNewAccountTest@5158b42f]" started-at="2024-01-08T13:41:10 IST" name="teardownBrowser" finished-at="2024-01-08T13:41:11 IST" duration-ms="829" status="PASS">
          <reporter-output>
          </reporter-output>
        </test-method> <!-- teardownBrowser -->
      </class> <!-- com.xyzbank.qa.testcases.TC004_OpenNewAccountTest -->
      <class name="com.xyzbank.qa.testcases.TC005_SearchCustomerTest">
        <test-method is-config="true" signature="setup()[pri:0, instance:com.xyzbank.qa.testcases.TC005_SearchCustomerTest@595b007d]" started-at="2024-01-08T13:41:11 IST" name="setup" finished-at="2024-01-08T13:41:15 IST" duration-ms="4054" status="PASS">
          <reporter-output>
          </reporter-output>
        </test-method> <!-- setup -->
        <test-method signature="verifySearch()[pri:0, instance:com.xyzbank.qa.testcases.TC005_SearchCustomerTest@595b007d]" started-at="2024-01-08T13:41:15 IST" name="verifySearch" finished-at="2024-01-08T13:41:16 IST" duration-ms="1382" status="PASS">
          <reporter-output>
          </reporter-output>
        </test-method> <!-- verifySearch -->
        <test-method is-config="true" signature="teardownBrowser()[pri:0, instance:com.xyzbank.qa.testcases.TC005_SearchCustomerTest@595b007d]" started-at="2024-01-08T13:41:16 IST" name="teardownBrowser" finished-at="2024-01-08T13:41:17 IST" duration-ms="886" status="PASS">
          <reporter-output>
          </reporter-output>
        </test-method> <!-- teardownBrowser -->
      </class> <!-- com.xyzbank.qa.testcases.TC005_SearchCustomerTest -->
      <class name="com.xyzbank.qa.testcases.TC003_AddNewCustomerTest">
        <test-method is-config="true" signature="setup()[pri:0, instance:com.xyzbank.qa.testcases.TC003_AddNewCustomerTest@16293aa2]" started-at="2024-01-08T13:40:58 IST" name="setup" finished-at="2024-01-08T13:41:02 IST" duration-ms="4255" status="PASS">
          <reporter-output>
          </reporter-output>
        </test-method> <!-- setup -->
        <test-method signature="verifyManagerLogin()[pri:0, instance:com.xyzbank.qa.testcases.TC003_AddNewCustomerTest@16293aa2]" started-at="2024-01-08T13:41:02 IST" name="verifyManagerLogin" finished-at="2024-01-08T13:41:04 IST" duration-ms="1473" status="PASS">
          <reporter-output>
          </reporter-output>
        </test-method> <!-- verifyManagerLogin -->
        <test-method is-config="true" signature="teardownBrowser()[pri:0, instance:com.xyzbank.qa.testcases.TC003_AddNewCustomerTest@16293aa2]" started-at="2024-01-08T13:41:04 IST" name="teardownBrowser" finished-at="2024-01-08T13:41:05 IST" duration-ms="870" status="PASS">
          <reporter-output>
          </reporter-output>
        </test-method> <!-- teardownBrowser -->
      </class> <!-- com.xyzbank.qa.testcases.TC003_AddNewCustomerTest -->
      <class name="com.xyzbank.qa.testcases.TC002_LoginTest">
        <test-method is-config="true" signature="setup()[pri:0, instance:com.xyzbank.qa.testcases.TC002_LoginTest@5c5eefef]" started-at="2024-01-08T13:40:52 IST" name="setup" finished-at="2024-01-08T13:40:56 IST" duration-ms="3631" status="PASS">
          <reporter-output>
          </reporter-output>
        </test-method> <!-- setup -->
        <test-method signature="verifyLogin()[pri:0, instance:com.xyzbank.qa.testcases.TC002_LoginTest@5c5eefef]" started-at="2024-01-08T13:40:56 IST" name="verifyLogin" finished-at="2024-01-08T13:40:57 IST" duration-ms="1553" status="PASS">
          <reporter-output>
          </reporter-output>
        </test-method> <!-- verifyLogin -->
        <test-method is-config="true" signature="teardownBrowser()[pri:0, instance:com.xyzbank.qa.testcases.TC002_LoginTest@5c5eefef]" started-at="2024-01-08T13:40:57 IST" name="teardownBrowser" finished-at="2024-01-08T13:40:58 IST" duration-ms="918" status="PASS">
          <reporter-output>
          </reporter-output>
        </test-method> <!-- teardownBrowser -->
      </class> <!-- com.xyzbank.qa.testcases.TC002_LoginTest -->
    </test> <!-- Test -->
  </suite> <!-- Suite -->
</testng-results>
