<?xml version="1.0" encoding="UTF-8"?>
<!-- Generated by org.testng.reporters.JUnitXMLReporter -->
<testsuite ignored="0" hostname="inbl01lap7026" failures="0" tests="5" name="Test" time="50.89" errors="0" timestamp="2023-08-03T16:15:54 IST">
  <testcase classname="com.xyzbank.qa.testcases.HomepageTest" name="homePageTest" time="3.251"/>
  <testcase classname="com.xyzbank.qa.testcases.LoginTest" name="verifyLogin" time="5.886"/>
  <testcase classname="com.xyzbank.qa.testcases.AddNewCustomerTest" name="verifyManagerLogin" time="4.031"/>
  <testcase classname="com.xyzbank.qa.testcases.OpenNewAccountTest" name="createAccount" time="4.288"/>
  <testcase classname="com.xyzbank.qa.testcases.SearchCustomerTest" name="verifySearch" time="4.239"/>
</testsuite> <!-- Test -->
